<?xml version="1.0" encoding="utf-8"?><testsuites name="pytest tests"><testsuite name="pytest" errors="0" failures="0" skipped="0" tests="47" time="6.053" timestamp="2026-07-20T18:06:51.945527+00:00" hostname="agent-env-6fcb0497-d5f7-40d9-9312-15fa2d0d4fa8"><testcase classname="tests.test_kyrenis_api.TestAuth" name="test_root" time="0.126" /><testcase classname="tests.test_kyrenis_api.TestConsumer" name="test_verify_pcm_critical" time="0.175" /><testcase classname="tests.test_kyrenis_api.TestAuth" name="test_login_success" time="0.331" /><testcase classname="tests.test_kyrenis_api.TestConsumer" name="test_verify_amx_critical" time="0.239" /><testcase classname="tests.test_kyrenis_api.TestConsumer" name="test_verify_qr_recall" time="0.091" /><testcase classname="tests.test_kyrenis_api.TestAuth" name="test_login_invalid" time="0.325" /><testcase classname="tests.test_kyrenis_api.TestConsumer" name="test_verify_clean_batch" time="0.238" /><testcase classname="tests.test_kyrenis_api.TestConsumer" name="test_openfda_paracetamol" time="0.653" /><testcase classname="tests.test_kyrenis_api.TestAuth" name="test_pharmacy_route_unauth_401" time="0.157" /><testcase classname="tests.test_kyrenis_api.TestAuth" name="test_auth_me" time="0.511" /><testcase classname="tests.test_kyrenis_api.TestTelemetry" name="test_volumetric" time="0.071" /><testcase classname="tests.test_kyrenis_api.TestTelemetry" name="test_spatial" time="0.252" /><testcase classname="tests.test_kyrenis_api.TestExtras" name="test_receipts_and_detail" time="0.730" /><testcase classname="tests.test_kyrenis_api.TestTelemetry" name="test_alerts" time="0.072" /><testcase classname="tests.test_kyrenis_api.TestTelemetry" name="test_recalls" time="0.076" /><testcase classname="tests.test_google_auth.TestGoogleSessionExchange" name="test_invalid_session_id_returns_401" time="0.228" /><testcase classname="tests.test_kyrenis_api.TestExtras" name="test_invoice_detail_404" time="0.057" /><testcase classname="tests.test_google_auth.TestGoogleSessionExchange" name="test_missing_session_id_returns_422" time="0.108" /><testcase classname="tests.test_kyrenis_api.TestExtras" name="test_manual_po" time="0.257" /><testcase classname="tests.test_google_auth.TestGoogleSessionExchange" name="test_empty_session_id_returns_400_or_422" time="0.163" /><testcase classname="tests.test_google_auth.TestAuthMeDualAuth" name="test_me_with_jwt_login" time="0.449" /><testcase classname="tests.test_kyrenis_api.TestExtras" name="test_telemetry_timeline" time="0.075" /><testcase classname="tests.test_kyrenis_api.TestExtras" name="test_audit_csv" time="0.306" /><testcase classname="tests.test_kyrenis_api.TestReferenceData" name="test_distributors" time="0.065" /><testcase classname="tests.test_google_auth.TestAuthMeDualAuth" name="test_me_unauth_returns_401" time="0.158" /><testcase classname="tests.test_kyrenis_api.TestReferenceData" name="test_medicines" time="0.063" /><testcase classname="tests.test_kyrenis_api.TestReferenceData" name="test_inventory" time="0.105" /><testcase classname="tests.test_google_auth.TestAuthMeDualAuth" name="test_me_with_session_token_cookie" time="0.242" /><testcase classname="tests.test_kyrenis_api.TestReplenishment" name="test_low_stock" time="0.079" /><testcase classname="tests.test_kyrenis_api.TestReplenishment" name="test_expiring" time="0.060" /><testcase classname="tests.test_kyrenis_api.TestReplenishment" name="test_generate_po" time="0.127" /><testcase classname="tests.test_new_features.TestResetDemo" name="test_unauth_401" time="0.124" /><testcase classname="tests.test_kyrenis_api.TestStockIntake" name="test_intake_recall_hit_blocked" time="0.262" /><testcase classname="tests.test_kyrenis_api.TestStockIntake" name="test_intake_mismatch_check1_fails" time="0.072" /><testcase classname="tests.test_kyrenis_api.TestStockIntake" name="test_intake_clean_writes_inventory" time="0.257" /><testcase classname="tests.test_new_features.TestResetDemo" name="test_reset_returns_cleared" time="0.920" /><testcase classname="tests.test_new_features.TestTelemetryTimeline" name="test_unauth_401" time="0.138" /><testcase classname="tests.test_new_features.TestTelemetryTimeline" name="test_default_window" time="0.422" /><testcase classname="tests.test_new_features.TestResetDemo" name="test_seed_data_unchanged_after_reset" time="0.280" /><testcase classname="tests.test_new_features.TestAuditLogCSV" name="test_unauth_401" time="0.115" /><testcase classname="tests.test_new_features.TestAuditLogCSV" name="test_csv_download" time="0.123" /><testcase classname="tests.test_google_auth.TestCompleteOnboarding" name="test_requires_auth" time="0.110" /><testcase classname="tests.test_google_auth.TestLogoutClearsSession" name="test_logout_deletes_session_row_and_cookie" time="0.126" /><testcase classname="tests.test_google_auth.TestCompleteOnboarding" name="test_pending_user_onboards" time="0.249" /><testcase classname="tests.test_kyrenis_api.TestPOS" name="test_checkout_fifo" time="0.257" /><testcase classname="tests.test_kyrenis_api.TestRegister" name="test_register_new_staff" time="0.289" /><testcase classname="tests.test_new_features.TestEmailDispatchFireAndForget" name="test_recall_intake_still_200_and_no_inventory" time="0.634" /></testsuite></testsuites>