<?xml version="1.0" encoding="utf-8"?><testsuites name="pytest tests"><testsuite name="pytest" errors="0" failures="0" skipped="0" tests="32" time="4.763" timestamp="2026-07-19T18:24:09.947680+00:00" hostname="agent-env-6fcb0497-d5f7-40d9-9312-15fa2d0d4fa8"><testcase classname="tests.test_kyrenis_api.TestAuth" name="test_root" time="0.315" /><testcase classname="tests.test_kyrenis_api.TestConsumer" name="test_verify_recall_red" time="0.289" /><testcase classname="tests.test_kyrenis_api.TestConsumer" name="test_verify_security_alert_red" time="0.057" /><testcase classname="tests.test_kyrenis_api.TestAuth" name="test_login_success" time="0.273" /><testcase classname="tests.test_kyrenis_api.TestConsumer" name="test_verify_teleport_red" time="0.244" /><testcase classname="tests.test_kyrenis_api.TestAuth" name="test_login_invalid" time="0.268" /><testcase classname="tests.test_kyrenis_api.TestConsumer" name="test_verify_clean_green" time="0.268" /><testcase classname="tests.test_kyrenis_api.TestAuth" name="test_pharmacy_route_unauth_401" time="0.153" /><testcase classname="tests.test_kyrenis_api.TestConsumer" name="test_openfda_ibuprofen" time="0.790" /><testcase classname="tests.test_kyrenis_api.TestAuth" name="test_auth_me" time="0.388" /><testcase classname="tests.test_kyrenis_api.TestReferenceData" name="test_distributors" time="0.047" /><testcase classname="tests.test_kyrenis_api.TestReferenceData" name="test_medicines" time="0.044" /><testcase classname="tests.test_kyrenis_api.TestReferenceData" name="test_inventory" time="0.063" /><testcase classname="tests.test_kyrenis_api.TestStockIntake" name="test_intake_recall_hit_blocked" time="0.450" /><testcase classname="tests.test_kyrenis_api.TestTelemetry" name="test_volumetric" time="0.407" /><testcase classname="tests.test_kyrenis_api.TestStockIntake" name="test_intake_mismatch_check1_fails" time="0.223" /><testcase classname="tests.test_kyrenis_api.TestTelemetry" name="test_spatial" time="0.052" /><testcase classname="tests.test_kyrenis_api.TestTelemetry" name="test_alerts" time="0.048" /><testcase classname="tests.test_kyrenis_api.TestTelemetry" name="test_recalls" time="0.060" /><testcase classname="tests.test_new_features.TestResetDemo" name="test_unauth_401" time="0.104" /><testcase classname="tests.test_kyrenis_api.TestStockIntake" name="test_intake_clean_writes_inventory" time="0.059" /><testcase classname="tests.test_kyrenis_api.TestReplenishment" name="test_low_stock" time="0.090" /><testcase classname="tests.test_kyrenis_api.TestReplenishment" name="test_expiring" time="0.264" /><testcase classname="tests.test_new_features.TestResetDemo" name="test_reset_returns_cleared" time="0.982" /><testcase classname="tests.test_kyrenis_api.TestReplenishment" name="test_generate_po" time="0.091" /><testcase classname="tests.test_new_features.TestAuditLogCSV" name="test_unauth_401" time="0.148" /><testcase classname="tests.test_new_features.TestAuditLogCSV" name="test_csv_download" time="0.475" /><testcase classname="tests.test_new_features.TestResetDemo" name="test_seed_data_unchanged_after_reset" time="0.180" /><testcase classname="tests.test_kyrenis_api.TestPOS" name="test_checkout_fifo" time="0.158" /><testcase classname="tests.test_new_features.TestTelemetryTimeline" name="test_unauth_401" time="0.101" /><testcase classname="tests.test_new_features.TestTelemetryTimeline" name="test_default_window" time="0.278" /><testcase classname="tests.test_new_features.TestEmailDispatchFireAndForget" name="test_recall_intake_still_200_and_no_inventory" time="0.748" /></testsuite></testsuites>